[error] java.util.NoSuchElementException: key not found: PENNSIEVE_NEXUS_USER
[error] 	at scala.collection.MapLike.default(MapLike.scala:235)
[error] 	at scala.collection.MapLike.default$(MapLike.scala:234)
[error] 	at scala.collection.AbstractMap.default(Map.scala:65)
[error] 	at scala.collection.MapLike.apply(MapLike.scala:144)
[error] 	at scala.collection.MapLike.apply$(MapLike.scala:143)
[error] 	at scala.collection.AbstractMap.apply(Map.scala:65)
[error] 	at $e3e047544d71c937c31c$.$anonfun$$sbtdef$1(/Users/jlecoeur/projects/notifications-service/build.sbt:11)
[error] 	at sbt.std.Transform$$anon$3.$anonfun$apply$2(Transform.scala:46)
[error] 	at sbt.std.Transform$$anon$4.work(Transform.scala:68)
[error] 	at sbt.Execute.$anonfun$submit$2(Execute.scala:282)
[error] 	at sbt.internal.util.ErrorHandling$.wideConvert(ErrorHandling.scala:23)
[error] 	at sbt.Execute.work(Execute.scala:291)
[error] 	at sbt.Execute.$anonfun$submit$1(Execute.scala:282)
[error] 	at sbt.ConcurrentRestrictions$$anon$4.$anonfun$submitValid$1(ConcurrentRestrictions.scala:265)
[error] 	at sbt.CompletionService$$anon$2.call(CompletionService.scala:64)
[error] 	at java.base/java.util.concurrent.FutureTask.run(FutureTask.java:264)
[error] 	at java.base/java.util.concurrent.Executors$RunnableAdapter.call(Executors.java:515)
[error] 	at java.base/java.util.concurrent.FutureTask.run(FutureTask.java:264)
[error] 	at java.base/java.util.concurrent.ThreadPoolExecutor.runWorker(ThreadPoolExecutor.java:1128)
[error] 	at java.base/java.util.concurrent.ThreadPoolExecutor$Worker.run(ThreadPoolExecutor.java:628)
[error] 	at java.base/java.lang.Thread.run(Thread.java:834)
[error] (notifications-service / ssExtractDependencies) java.util.NoSuchElementException: key not found: PENNSIEVE_NEXUS_USER
