<?xml version='1.0' encoding='UTF-8'?>
<testsuite hostname="Jeremys-MacBook-Pro" name="com.blackfynn.notifications.api.TestNotificationFlows" tests="1" errors="1" failures="0" skipped="0" time="0.002" timestamp="2021-04-13T09:05:05">
                     <properties>
[...]
</properties>
                     <testcase classname="com.blackfynn.notifications.api.TestNotificationFlows" name="(It is not a test it is a sbt.testing.SuiteSelector)" time="0.002">
                                                 <error message="java.lang.IllegalStateException: Could not connect to Ryuk at localhost:55000" type="sbt.ForkMain$ForkError">sbt.ForkMain$ForkError: java.lang.IllegalStateException: Could not connect to Ryuk at localhost:55000
	at org.testcontainers.utility.ResourceReaper.start(ResourceReaper.java:198)
	at org.testcontainers.DockerClientFactory.client(DockerClientFactory.java:205)
	at org.testcontainers.LazyDockerClient.getDockerClient(LazyDockerClient.java:14)
	at org.testcontainers.LazyDockerClient.authConfig(LazyDockerClient.java:12)
	at org.testcontainers.containers.GenericContainer.start(GenericContainer.java:310)
	at com.dimafeng.testcontainers.SingleContainer.start(Container.scala:46)
	at com.dimafeng.testcontainers.LazyContainer.start(MultipleContainers.scala:97)
	at com.dimafeng.testcontainers.MultipleContainers.$anonfun$start$1(MultipleContainers.scala:31)
	at com.dimafeng.testcontainers.MultipleContainers.$anonfun$start$1$adapted(MultipleContainers.scala:31)
	at scala.collection.immutable.List.foreach(List.scala:392)
	at com.dimafeng.testcontainers.MultipleContainers.start(MultipleContainers.scala:31)
	at com.pennsieve.test.PersistantTestContainers.run(PersistantTestContainers.scala:48)
	at com.pennsieve.test.PersistantTestContainers.run$(PersistantTestContainers.scala:44)
	at com.blackfynn.notifications.api.TestRedisPubSub.run(TestRedisPubSub.scala:23)
	at org.scalatest.tools.Framework.org$scalatest$tools$Framework$$runSuite(Framework.scala:314)
	at org.scalatest.tools.Framework$ScalaTestTask.execute(Framework.scala:507)
	at sbt.ForkMain$Run.lambda$runTest$1(ForkMain.java:413)
	at java.base/java.util.concurrent.FutureTask.run(FutureTask.java:264)
	at java.base/java.util.concurrent.ThreadPoolExecutor.runWorker(ThreadPoolExecutor.java:1128)
	at java.base/java.util.concurrent.ThreadPoolExecutor$Worker.run(ThreadPoolExecutor.java:628)
	at java.base/java.lang.Thread.run(Thread.java:834)
</error>
                                               </testcase>
                     <system-out><![CDATA[]]></system-out>
                     <system-err><![CDATA[]]></system-err>
                   </testsuite>